<?xml version="1.0" encoding="UTF-8"?>
<!-- Generated by org.testng.reporters.JUnitXMLReporter -->
<testsuite ignored="0" hostname="Lohith" failures="0" tests="4" name="Test" time="0.122" errors="0" timestamp="2022-05-27T17:28:20 IST">
  <testcase classname="jenkins.test5" name="test" time="0.02"/>
  <testcase classname="jenkins.test1" name="test" time="0.004"/>
  <testcase classname="jenkins.test2" name="testA" time="0.002"/>
  <testcase classname="jenkins.test3" name="testB" time="0.004"/>
</testsuite> <!-- Test -->
