<?xml version="1.0" encoding="UTF-8"?>
<testsuite xmlns:xsi="http://www.w3.org/2001/XMLSchema-instance" xsi:noNamespaceSchemaLocation="https://maven.apache.org/surefire/maven-surefire-plugin/xsd/surefire-test-report-3.0.xsd" version="3.0" name="TestSuite" time="1.083" tests="3" errors="0" skipped="0" failures="0">
  <properties>
[...]
</properties>
  <testcase name="test" classname="jenkins.test1" time="0.011">
    <system-out><![CDATA[hello pyton
]]></system-out>
  </testcase>
  <testcase name="testA" classname="jenkins.test2" time="0.004">
    <system-out><![CDATA[hello java
]]></system-out>
  </testcase>
  <testcase name="testB" classname="jenkins.test3" time="0.003">
    <system-out><![CDATA[hello C#
]]></system-out>
  </testcase>
</testsuite>