<?xml version="1.0" encoding="UTF-8"?>
<testng-results ignored="0" total="3" passed="3" failed="0" skipped="0">
  <reporter-output>
    <line>
      <![CDATA[hello pyton]]>
    </line>
    <line>
      <![CDATA[hello java]]>
    </line>
    <line>
      <![CDATA[hello C#]]>
    </line>
  </reporter-output>
  <suite started-at="2022-05-27T17:31:43 IST" name="Suite" finished-at="2022-05-27T17:31:44 IST" duration-ms="85">
    <groups>
    </groups>
    <test started-at="2022-05-27T17:31:43 IST" name="Test" finished-at="2022-05-27T17:31:44 IST" duration-ms="85">
      <class name="jenkins.test2">
        <test-method signature="testA()[pri:0, instance:jenkins.test2@6babf3bf]" started-at="2022-05-27T17:31:43 IST" name="testA" finished-at="2022-05-27T17:31:43 IST" duration-ms="1" status="PASS">
          <reporter-output>
            <line>
              <![CDATA[hello java]]>
            </line>
          </reporter-output>
        </test-method> <!-- testA -->
      </class> <!-- jenkins.test2 -->
      <class name="jenkins.test3">
        <test-method signature="testB()[pri:0, instance:jenkins.test3@3059cbc]" started-at="2022-05-27T17:31:43 IST" name="testB" finished-at="2022-05-27T17:31:43 IST" duration-ms="1" status="PASS">
          <reporter-output>
            <line>
              <![CDATA[hello C#]]>
            </line>
          </reporter-output>
        </test-method> <!-- testB -->
      </class> <!-- jenkins.test3 -->
      <class name="jenkins.test1">
        <test-method signature="test()[pri:0, instance:jenkins.test1@10163d6]" started-at="2022-05-27T17:31:43 IST" name="test" finished-at="2022-05-27T17:31:43 IST" duration-ms="10" status="PASS">
          <reporter-output>
            <line>
              <![CDATA[hello pyton]]>
            </line>
          </reporter-output>
        </test-method> <!-- test -->
      </class> <!-- jenkins.test1 -->
    </test> <!-- Test -->
  </suite> <!-- Suite -->
</testng-results>
