<?xml version="1.0" encoding="UTF-8"?>
<testng-results skipped="0" failed="0" ignored="0" total="3" passed="3">
  <reporter-output>
    <line>
      <![CDATA[hello pyton]]>
    </line>
    <line>
      <![CDATA[hello java]]>
    </line>
    <line>
      <![CDATA[hello C#]]>
    </line>
  </reporter-output>
  <suite name="Suite" duration-ms="122" started-at="2022-05-27T08:45:56 IST" finished-at="2022-05-27T08:45:56 IST">
    <groups>
    </groups>
    <test name="Test" duration-ms="122" started-at="2022-05-27T08:45:56 IST" finished-at="2022-05-27T08:45:56 IST">
      <class name="jenkins.test2">
        <test-method status="PASS" signature="testA()[pri:0, instance:jenkins.test2@1f7030a6]" name="testA" duration-ms="0" started-at="2022-05-27T08:45:56 IST" finished-at="2022-05-27T08:45:56 IST">
          <reporter-output>
            <line>
              <![CDATA[hello java]]>
            </line>
          </reporter-output>
        </test-method> <!-- testA -->
      </class> <!-- jenkins.test2 -->
      <class name="jenkins.test3">
        <test-method status="PASS" signature="testB()[pri:0, instance:jenkins.test3@5a1c0542]" name="testB" duration-ms="0" started-at="2022-05-27T08:45:56 IST" finished-at="2022-05-27T08:45:56 IST">
          <reporter-output>
            <line>
              <![CDATA[hello C#]]>
            </line>
          </reporter-output>
        </test-method> <!-- testB -->
      </class> <!-- jenkins.test3 -->
      <class name="jenkins.test1">
        <test-method status="PASS" signature="test()[pri:0, instance:jenkins.test1@711f39f9]" name="test" duration-ms="13" started-at="2022-05-27T08:45:56 IST" finished-at="2022-05-27T08:45:56 IST">
          <reporter-output>
            <line>
              <![CDATA[hello pyton]]>
            </line>
          </reporter-output>
        </test-method> <!-- test -->
      </class> <!-- jenkins.test1 -->
    </test> <!-- Test -->
  </suite> <!-- Suite -->
</testng-results>
