<?xml version="1.0" encoding="UTF-8"?>
<testng-results ignored="0" total="4" passed="4" failed="0" skipped="0">
  <reporter-output>
    <line>
      <![CDATA[hello Ruby]]>
    </line>
    <line>
      <![CDATA[hello pyton]]>
    </line>
    <line>
      <![CDATA[hello java]]>
    </line>
    <line>
      <![CDATA[hello C#]]>
    </line>
  </reporter-output>
  <suite started-at="2022-05-27T17:28:20 IST" name="Suite" finished-at="2022-05-27T17:28:20 IST" duration-ms="122">
    <groups>
    </groups>
    <test started-at="2022-05-27T17:28:20 IST" name="Test" finished-at="2022-05-27T17:28:20 IST" duration-ms="122">
      <class name="jenkins.test5">
        <test-method signature="test()[pri:0, instance:jenkins.test5@bd4dc25]" started-at="2022-05-27T17:28:20 IST" name="test" finished-at="2022-05-27T17:28:20 IST" duration-ms="20" status="PASS">
          <reporter-output>
            <line>
              <![CDATA[hello Ruby]]>
            </line>
          </reporter-output>
        </test-method> <!-- test -->
      </class> <!-- jenkins.test5 -->
      <class name="jenkins.test2">
        <test-method signature="testA()[pri:0, instance:jenkins.test2@48f278eb]" started-at="2022-05-27T17:28:20 IST" name="testA" finished-at="2022-05-27T17:28:20 IST" duration-ms="2" status="PASS">
          <reporter-output>
            <line>
              <![CDATA[hello java]]>
            </line>
          </reporter-output>
        </test-method> <!-- testA -->
      </class> <!-- jenkins.test2 -->
      <class name="jenkins.test3">
        <test-method signature="testB()[pri:0, instance:jenkins.test3@2f217633]" started-at="2022-05-27T17:28:20 IST" name="testB" finished-at="2022-05-27T17:28:20 IST" duration-ms="4" status="PASS">
          <reporter-output>
            <line>
              <![CDATA[hello C#]]>
            </line>
          </reporter-output>
        </test-method> <!-- testB -->
      </class> <!-- jenkins.test3 -->
      <class name="jenkins.test1">
        <test-method signature="test()[pri:0, instance:jenkins.test1@1da2cb77]" started-at="2022-05-27T17:28:20 IST" name="test" finished-at="2022-05-27T17:28:20 IST" duration-ms="4" status="PASS">
          <reporter-output>
            <line>
              <![CDATA[hello pyton]]>
            </line>
          </reporter-output>
        </test-method> <!-- test -->
      </class> <!-- jenkins.test1 -->
    </test> <!-- Test -->
  </suite> <!-- Suite -->
</testng-results>
