<?xml version="1.0" encoding="UTF-8"?>
<testng-results ignored="0" total="3" passed="3" failed="0" skipped="0">
  <reporter-output>
    <line>
      <![CDATA[hello pyton]]>
    </line>
    <line>
      <![CDATA[hello java]]>
    </line>
    <line>
      <![CDATA[hello C#]]>
    </line>
  </reporter-output>
  <suite started-at="2022-05-27T09:04:14 IST" name="Suite" finished-at="2022-05-27T09:04:14 IST" duration-ms="121">
    <groups>
    </groups>
    <test started-at="2022-05-27T09:04:14 IST" name="Test" finished-at="2022-05-27T09:04:14 IST" duration-ms="121">
      <class name="jenkins.test2">
        <test-method signature="testA()[pri:0, instance:jenkins.test2@611889f4]" started-at="2022-05-27T09:04:14 IST" name="testA" finished-at="2022-05-27T09:04:14 IST" duration-ms="2" status="PASS">
          <reporter-output>
            <line>
              <![CDATA[hello java]]>
            </line>
          </reporter-output>
        </test-method> <!-- testA -->
      </class> <!-- jenkins.test2 -->
      <class name="jenkins.test3">
        <test-method signature="testB()[pri:0, instance:jenkins.test3@1da2cb77]" started-at="2022-05-27T09:04:14 IST" name="testB" finished-at="2022-05-27T09:04:14 IST" duration-ms="7" status="PASS">
          <reporter-output>
            <line>
              <![CDATA[hello C#]]>
            </line>
          </reporter-output>
        </test-method> <!-- testB -->
      </class> <!-- jenkins.test3 -->
      <class name="jenkins.test1">
        <test-method signature="test()[pri:0, instance:jenkins.test1@4efc180e]" started-at="2022-05-27T09:04:14 IST" name="test" finished-at="2022-05-27T09:04:14 IST" duration-ms="18" status="PASS">
          <reporter-output>
            <line>
              <![CDATA[hello pyton]]>
            </line>
          </reporter-output>
        </test-method> <!-- test -->
      </class> <!-- jenkins.test1 -->
    </test> <!-- Test -->
  </suite> <!-- Suite -->
</testng-results>
